<?xml version="1.0" encoding="UTF-8"?>
<testsuite name="StartPhoneBook" tests="1" skipped="0" failures="0" errors="0" timestamp="2022-12-29T22:59:50" hostname="MBP-Irina" time="2.925">
  <properties/>
  <testcase name="startPhoneBook" classname="StartPhoneBook" time="2.925"/>
  <system-out><![CDATA[]]></system-out>
  <system-err><![CDATA[Starting ChromeDriver 108.0.5359.71 (1e0e3868ee06e91ad636a874420e3ca3ae3756ac-refs/branch-heads/5359@{#1016}) on port 3471
Only local connections are allowed.
Please see https://chromedriver.chromium.org/security-considerations for suggestions on keeping ChromeDriver safe.
ChromeDriver was started successfully.
Dec 29, 2022 5:59:52 PM org.openqa.selenium.remote.ProtocolHandshake createSession
INFO: Detected dialect: W3C
]]></system-err>
</testsuite>
