<?xml version="1.0" encoding="UTF-8"?>
<testsuite name="TableTest" tests="1" skipped="0" failures="0" errors="0" timestamp="2023-01-02T00:07:18" hostname="MBP-Irina" time="3.85">
  <properties/>
  <testcase name="tableCss" classname="TableTest" time="3.85"/>
  <system-out><![CDATA[]]></system-out>
  <system-err><![CDATA[Starting ChromeDriver 108.0.5359.71 (1e0e3868ee06e91ad636a874420e3ca3ae3756ac-refs/branch-heads/5359@{#1016}) on port 39984
Only local connections are allowed.
Please see https://chromedriver.chromium.org/security-considerations for suggestions on keeping ChromeDriver safe.
ChromeDriver was started successfully.
Jan 01, 2023 7:07:20 PM org.openqa.selenium.remote.ProtocolHandshake createSession
INFO: Detected dialect: W3C
]]></system-err>
</testsuite>
